{"message":{"error":{"msg":"Task with id 5f95562bc3a3de3193d6e4b5 not found"}},"level":"error","timestamp":"2020-10-25T10:40:44.532Z"}
{"message":{"error":{"msg":"board was not found id 5f95562cc3a3de3193d6e4be"}},"level":"error","timestamp":"2020-10-25T10:40:44.986Z"}
{"message":{"error":{"msg":"Task with id 5f95562dc3a3de3193d6e4c5 not found"}},"level":"error","timestamp":"2020-10-25T10:40:45.472Z"}
{"message":{"error":{"msg":"Task with id 5f95562dc3a3de3193d6e4c4 not found"}},"level":"error","timestamp":"2020-10-25T10:40:45.475Z"}
{"message":{"error":{"msg":"Task with id 5f95562dc3a3de3193d6e4c6 not found"}},"level":"error","timestamp":"2020-10-25T10:40:45.476Z"}
{"message":{"error":{"msg":"Task with id 5f95562dc3a3de3193d6e4c7 not found"}},"level":"error","timestamp":"2020-10-25T10:40:45.478Z"}
{"message":{"error":{"msg":"Task with id 5f95562dc3a3de3193d6e4c8 not found"}},"level":"error","timestamp":"2020-10-25T10:40:45.479Z"}
{"message":{"error":{"msg":"Task with id 5f955803c3a3de3193d6e4cb not found"}},"level":"error","timestamp":"2020-10-25T10:48:36.405Z"}
{"message":{"error":{"msg":"board was not found id 5f955804c3a3de3193d6e4d4"}},"level":"error","timestamp":"2020-10-25T10:48:36.852Z"}
{"message":{"error":{"msg":"Task with id 5f955804c3a3de3193d6e4da not found"}},"level":"error","timestamp":"2020-10-25T10:48:37.497Z"}
{"message":{"error":{"msg":"Task with id 5f955804c3a3de3193d6e4db not found"}},"level":"error","timestamp":"2020-10-25T10:48:37.498Z"}
{"message":{"error":{"msg":"Task with id 5f955804c3a3de3193d6e4de not found"}},"level":"error","timestamp":"2020-10-25T10:48:37.518Z"}
{"message":{"error":{"msg":"Task with id 5f955804c3a3de3193d6e4dc not found"}},"level":"error","timestamp":"2020-10-25T10:48:37.520Z"}
{"message":{"error":{"msg":"Task with id 5f955804c3a3de3193d6e4dd not found"}},"level":"error","timestamp":"2020-10-25T10:48:37.521Z"}
{"message":{"error":{"msg":"Joi.validate is not a function"}},"level":"error","timestamp":"2020-10-25T10:50:48.487Z"}
{"message":{"error":{"msg":"Joi.validate is not a function"}},"level":"error","timestamp":"2020-10-25T10:50:49.068Z"}
{"message":{"error":{"msg":"Task with id 5f955888a4cdea32398175bc not found"}},"level":"error","timestamp":"2020-10-25T10:50:49.481Z"}
{"message":{"error":{"msg":"board was not found id 5f955889a4cdea32398175c6"}},"level":"error","timestamp":"2020-10-25T10:50:49.734Z"}
{"message":{"error":{"msg":"Task with id 5f955889a4cdea32398175cd not found"}},"level":"error","timestamp":"2020-10-25T10:50:50.214Z"}
{"message":{"error":{"msg":"Task with id 5f955889a4cdea32398175cb not found"}},"level":"error","timestamp":"2020-10-25T10:50:50.215Z"}
{"message":{"error":{"msg":"Task with id 5f955889a4cdea32398175ca not found"}},"level":"error","timestamp":"2020-10-25T10:50:50.217Z"}
{"message":{"error":{"msg":"Task with id 5f955889a4cdea32398175ce not found"}},"level":"error","timestamp":"2020-10-25T10:50:50.219Z"}
{"message":{"error":{"msg":"Task with id 5f955889a4cdea32398175cc not found"}},"level":"error","timestamp":"2020-10-25T10:50:50.220Z"}
{"message":{"error":{"msg":"Joi.validate is not a function"}},"level":"error","timestamp":"2020-10-25T10:51:04.736Z"}
{"message":{"error":{"msg":"Joi.validate is not a function"}},"level":"error","timestamp":"2020-10-25T10:58:33.760Z"}
{"message":{"error":{"msg":"Joi.validate is not a function"}},"level":"error","timestamp":"2020-10-25T10:58:38.447Z"}
{"message":{"error":{"msg":"board was not found id 5f959855b028d336c09a45a6"}},"level":"error","timestamp":"2020-10-25T15:23:01.805Z"}
{"message":{"error":{"msg":"Task with id 5f959855b028d336c09a45aa not found"}},"level":"error","timestamp":"2020-10-25T15:23:02.586Z"}
{"message":{"error":{"msg":"Task with id 5f959855b028d336c09a45a8 not found"}},"level":"error","timestamp":"2020-10-25T15:23:02.588Z"}
{"message":{"error":{"msg":"Task with id 5f959855b028d336c09a45a9 not found"}},"level":"error","timestamp":"2020-10-25T15:23:02.590Z"}
{"message":{"error":{"msg":"Task with id 5f959855b028d336c09a45ab not found"}},"level":"error","timestamp":"2020-10-25T15:23:02.591Z"}
{"message":{"error":{"msg":"Task with id 5f959855b028d336c09a45ac not found"}},"level":"error","timestamp":"2020-10-25T15:23:02.592Z"}
{"message":{"error":{"msg":"schemas.validate is not a function"}},"level":"error","timestamp":"2020-10-25T15:23:03.005Z"}
{"message":{"error":{"msg":"schemas.validate is not a function"}},"level":"error","timestamp":"2020-10-25T15:23:03.408Z"}
{"message":{"error":{"msg":"Task with id 5f959858b028d336c09a45b6 not found"}},"level":"error","timestamp":"2020-10-25T15:23:05.322Z"}
{"message":{"error":{"msg":"Cannot read property 'validate' of undefined"}},"level":"error","timestamp":"2020-10-25T15:24:57.381Z"}
{"message":{"error":{"msg":"Cannot read property 'validate' of undefined"}},"level":"error","timestamp":"2020-10-25T15:24:57.830Z"}
{"message":{"error":{"msg":"Task with id 5f9598c9c90d5736f09100dc not found"}},"level":"error","timestamp":"2020-10-25T15:24:58.094Z"}
{"message":{"error":{"msg":"board was not found id 5f9598cac90d5736f09100e7"}},"level":"error","timestamp":"2020-10-25T15:24:58.500Z"}
{"message":{"error":{"msg":"Task with id 5f9598cac90d5736f09100eb not found"}},"level":"error","timestamp":"2020-10-25T15:24:58.997Z"}
{"message":{"error":{"msg":"Task with id 5f9598cac90d5736f09100ee not found"}},"level":"error","timestamp":"2020-10-25T15:24:59.009Z"}
{"message":{"error":{"msg":"Task with id 5f9598cac90d5736f09100ec not found"}},"level":"error","timestamp":"2020-10-25T15:24:59.030Z"}
{"message":{"error":{"msg":"Task with id 5f9598cac90d5736f09100ef not found"}},"level":"error","timestamp":"2020-10-25T15:24:59.032Z"}
{"message":{"error":{"msg":"Task with id 5f9598cac90d5736f09100ed not found"}},"level":"error","timestamp":"2020-10-25T15:24:59.033Z"}
{"message":{"error":{"msg":"Cannot read property 'validate' of undefined"}},"level":"error","timestamp":"2020-10-25T15:25:13.257Z"}
{"message":{"error":{"msg":"Cannot read property 'validate' of undefined"}},"level":"error","timestamp":"2020-10-25T15:25:13.362Z"}
{"message":{"error":{"msg":"schemas[schema].validate is not a function"}},"level":"error","timestamp":"2020-10-25T15:26:42.240Z"}
{"message":{"error":{"msg":"schemas.id.validate is not a function"}},"level":"error","timestamp":"2020-10-25T15:28:00.144Z"}
{"message":{"error":{"msg":"schemas.id.validate is not a function"}},"level":"error","timestamp":"2020-10-25T15:28:00.564Z"}
{"message":{"error":{"msg":"board was not found id 5f95998290494c375df97995"}},"level":"error","timestamp":"2020-10-25T15:28:02.972Z"}
{"message":{"error":{"msg":"Task with id 5f95998390494c375df97997 not found"}},"level":"error","timestamp":"2020-10-25T15:28:03.710Z"}
{"message":{"error":{"msg":"Task with id 5f95998390494c375df9799b not found"}},"level":"error","timestamp":"2020-10-25T15:28:03.716Z"}
{"message":{"error":{"msg":"Task with id 5f95998390494c375df9799a not found"}},"level":"error","timestamp":"2020-10-25T15:28:03.717Z"}
{"message":{"error":{"msg":"Task with id 5f95998390494c375df97998 not found"}},"level":"error","timestamp":"2020-10-25T15:28:03.719Z"}
{"message":{"error":{"msg":"Task with id 5f95998390494c375df97999 not found"}},"level":"error","timestamp":"2020-10-25T15:28:03.720Z"}
{"message":{"error":{"msg":"Task with id 5f95998490494c375df9799d not found"}},"level":"error","timestamp":"2020-10-25T15:28:04.953Z"}
{"message":{"error":{"msg":"schemas.id.validate is not a function"}},"level":"error","timestamp":"2020-10-25T15:28:07.135Z"}
{"message":{"error":{"msg":"schemas.id.validate is not a function"}},"level":"error","timestamp":"2020-10-25T15:28:07.287Z"}
{"message":{"error":{"msg":"schemas.validate is not a function"}},"level":"error","timestamp":"2020-10-25T15:28:57.684Z"}
{"message":{"error":{"msg":"schemas.validate is not a function"}},"level":"error","timestamp":"2020-10-25T15:28:58.134Z"}
{"message":{"error":{"msg":"Task with id 5f9599b901621d37750702a1 not found"}},"level":"error","timestamp":"2020-10-25T15:28:58.444Z"}
{"message":{"error":{"msg":"board was not found id 5f9599ba01621d37750702ac"}},"level":"error","timestamp":"2020-10-25T15:28:58.786Z"}
{"message":{"error":{"msg":"Task with id 5f9599ba01621d37750702b2 not found"}},"level":"error","timestamp":"2020-10-25T15:28:59.272Z"}
{"message":{"error":{"msg":"Task with id 5f9599ba01621d37750702b1 not found"}},"level":"error","timestamp":"2020-10-25T15:28:59.273Z"}
{"message":{"error":{"msg":"Task with id 5f9599ba01621d37750702b3 not found"}},"level":"error","timestamp":"2020-10-25T15:28:59.284Z"}
{"message":{"error":{"msg":"Task with id 5f9599ba01621d37750702b0 not found"}},"level":"error","timestamp":"2020-10-25T15:28:59.288Z"}
{"message":{"error":{"msg":"Task with id 5f9599ba01621d37750702b4 not found"}},"level":"error","timestamp":"2020-10-25T15:28:59.289Z"}
{"message":{"error":{"msg":"schemas.validate is not a function"}},"level":"error","timestamp":"2020-10-25T15:29:16.376Z"}
{"message":{"error":{"msg":"{(intermediate value)}.required is not a function"}},"level":"error","timestamp":"2020-10-25T15:32:50.148Z"}
{"message":{"error":{"msg":"Found non-callable @@iterator"}},"level":"error","timestamp":"2020-10-25T15:33:09.412Z"}
{"message":{"error":{"msg":"Found non-callable @@iterator"}},"level":"error","timestamp":"2020-10-25T15:33:12.900Z"}
{"message":{"error":{"msg":"Found non-callable @@iterator"}},"level":"error","timestamp":"2020-10-25T15:33:42.944Z"}
{"message":{"error":{"msg":"Found non-callable @@iterator"}},"level":"error","timestamp":"2020-10-25T15:33:56.562Z"}
{"message":{"error":{"msg":"Found non-callable @@iterator"}},"level":"error","timestamp":"2020-10-25T15:34:02.991Z"}
{"message":{"error":{"msg":"Found non-callable @@iterator"}},"level":"error","timestamp":"2020-10-25T15:34:38.332Z"}
{"message":{"error":{"msg":"schemas[schema].validate is not a function"}},"level":"error","timestamp":"2020-10-25T15:36:15.404Z"}
{"message":{"error":{"msg":"schemas[schema].validate is not a function"}},"level":"error","timestamp":"2020-10-25T15:36:16.472Z"}
{"message":{"error":{"msg":"schema.validate is not a function"}},"level":"error","timestamp":"2020-10-25T15:37:49.184Z"}
{"message":{"error":{"msg":"schema.validate is not a function"}},"level":"error","timestamp":"2020-10-25T15:37:50.662Z"}
{"message":{"error":{"msg":"schema.validate is not a function"}},"level":"error","timestamp":"2020-10-25T15:37:51.351Z"}
{"message":{"error":{"msg":"schema.validate is not a function"}},"level":"error","timestamp":"2020-10-25T15:38:07.539Z"}
{"message":{"error":{"msg":"schema.validate is not a function"}},"level":"error","timestamp":"2020-10-25T15:38:07.669Z"}
{"message":{"error":{"msg":"schema.validate is not a function"}},"level":"error","timestamp":"2020-10-25T15:38:08.515Z"}
{"message":{"error":{"msg":"schema.validate is not a function"}},"level":"error","timestamp":"2020-10-25T15:38:11.255Z"}
{"message":{"error":{"msg":"schema.validate is not a function"}},"level":"error","timestamp":"2020-10-25T15:40:55.467Z"}
{"message":{"error":{"msg":"schema.valid is not a function"}},"level":"error","timestamp":"2020-10-25T15:46:56.081Z"}
{"message":{"error":{"msg":"schema.valid is not a function"}},"level":"error","timestamp":"2020-10-25T15:46:57.631Z"}
{"message":{"error":{"msg":"Cannot read property 'map' of undefined"}},"level":"error","timestamp":"2020-10-25T15:52:05.253Z"}
{"message":{"error":{"msg":"Task with id 5f95ac10746c6e38edd8173c not found"}},"level":"error","timestamp":"2020-10-25T16:47:12.888Z"}
{"message":{"error":{"msg":"board was not found id 5f95ac10746c6e38edd81743"}},"level":"error","timestamp":"2020-10-25T16:47:13.244Z"}
{"message":{"error":{"msg":"Task with id 5f95ac11746c6e38edd8174b not found"}},"level":"error","timestamp":"2020-10-25T16:47:13.895Z"}
{"message":{"error":{"msg":"Task with id 5f95ac11746c6e38edd8174d not found"}},"level":"error","timestamp":"2020-10-25T16:47:13.898Z"}
{"message":{"error":{"msg":"Task with id 5f95ac11746c6e38edd8174e not found"}},"level":"error","timestamp":"2020-10-25T16:47:13.929Z"}
{"message":{"error":{"msg":"Task with id 5f95ac11746c6e38edd8174a not found"}},"level":"error","timestamp":"2020-10-25T16:47:13.930Z"}
{"message":{"error":{"msg":"Task with id 5f95ac11746c6e38edd8174c not found"}},"level":"error","timestamp":"2020-10-25T16:47:13.931Z"}
{"message":{"error":{"msg":"Task with id 5f95d4d7a99a033ac2aa6d1f not found"}},"level":"error","timestamp":"2020-10-25T19:41:12.776Z"}
{"message":{"error":{"msg":"board was not found id 5f95d4d8a99a033ac2aa6d27"}},"level":"error","timestamp":"2020-10-25T19:41:13.182Z"}
{"message":{"error":{"msg":"Task with id 5f95d4d9a99a033ac2aa6d2e not found"}},"level":"error","timestamp":"2020-10-25T19:41:13.823Z"}
{"message":{"error":{"msg":"Task with id 5f95d4d9a99a033ac2aa6d31 not found"}},"level":"error","timestamp":"2020-10-25T19:41:13.825Z"}
{"message":{"error":{"msg":"Task with id 5f95d4d9a99a033ac2aa6d2f not found"}},"level":"error","timestamp":"2020-10-25T19:41:13.826Z"}
{"message":{"error":{"msg":"Task with id 5f95d4d9a99a033ac2aa6d30 not found"}},"level":"error","timestamp":"2020-10-25T19:41:13.828Z"}
{"message":{"error":{"msg":"Task with id 5f95d4d9a99a033ac2aa6d32 not found"}},"level":"error","timestamp":"2020-10-25T19:41:13.831Z"}
{"message":{"error":{"msg":"board was not found id 5f95d53499a7783cd51c72b4"}},"level":"error","timestamp":"2020-10-25T19:42:45.243Z"}
{"message":{"error":{"msg":"Task with id 5f95d53599a7783cd51c72b8 not found"}},"level":"error","timestamp":"2020-10-25T19:42:46.022Z"}
{"message":{"error":{"msg":"Task with id 5f95d53599a7783cd51c72b6 not found"}},"level":"error","timestamp":"2020-10-25T19:42:46.024Z"}
{"message":{"error":{"msg":"Task with id 5f95d53599a7783cd51c72b9 not found"}},"level":"error","timestamp":"2020-10-25T19:42:46.025Z"}
{"message":{"error":{"msg":"Task with id 5f95d53599a7783cd51c72ba not found"}},"level":"error","timestamp":"2020-10-25T19:42:46.027Z"}
{"message":{"error":{"msg":"Task with id 5f95d53599a7783cd51c72b7 not found"}},"level":"error","timestamp":"2020-10-25T19:42:46.028Z"}
{"message":{"error":{"msg":"Task with id 5f95d53899a7783cd51c72c4 not found"}},"level":"error","timestamp":"2020-10-25T19:42:49.120Z"}
{"message":{"error":{"msg":"Task with id 5f95d53f1608243cf2c4848f not found"}},"level":"error","timestamp":"2020-10-25T19:42:56.353Z"}
{"message":{"error":{"msg":"board was not found id 5f95d5401608243cf2c48497"}},"level":"error","timestamp":"2020-10-25T19:42:56.801Z"}
{"message":{"error":{"msg":"Task with id 5f95d5401608243cf2c4849e not found"}},"level":"error","timestamp":"2020-10-25T19:42:57.287Z"}
{"message":{"error":{"msg":"Task with id 5f95d5401608243cf2c4849f not found"}},"level":"error","timestamp":"2020-10-25T19:42:57.290Z"}
{"message":{"error":{"msg":"Task with id 5f95d5401608243cf2c484a1 not found"}},"level":"error","timestamp":"2020-10-25T19:42:57.291Z"}
{"message":{"error":{"msg":"Task with id 5f95d5401608243cf2c484a0 not found"}},"level":"error","timestamp":"2020-10-25T19:42:57.293Z"}
{"message":{"error":{"msg":"Task with id 5f95d5401608243cf2c484a2 not found"}},"level":"error","timestamp":"2020-10-25T19:42:57.295Z"}
{"message":{"error":{"msg":"Task with id 5f95d5461608243cf2c484a5 not found"}},"level":"error","timestamp":"2020-10-25T19:43:03.959Z"}
{"message":{"error":{"msg":"board was not found id 5f95d5481608243cf2c484ae"}},"level":"error","timestamp":"2020-10-25T19:43:04.416Z"}
{"message":{"error":{"msg":"Task with id 5f95d5481608243cf2c484b4 not found"}},"level":"error","timestamp":"2020-10-25T19:43:04.915Z"}
{"message":{"error":{"msg":"Task with id 5f95d5481608243cf2c484b7 not found"}},"level":"error","timestamp":"2020-10-25T19:43:04.917Z"}
{"message":{"error":{"msg":"Task with id 5f95d5481608243cf2c484b6 not found"}},"level":"error","timestamp":"2020-10-25T19:43:04.918Z"}
{"message":{"error":{"msg":"Task with id 5f95d5481608243cf2c484b8 not found"}},"level":"error","timestamp":"2020-10-25T19:43:04.920Z"}
{"message":{"error":{"msg":"Task with id 5f95d5481608243cf2c484b5 not found"}},"level":"error","timestamp":"2020-10-25T19:43:04.921Z"}
{"message":{"error":{"msg":"Task with id 5f95d5ed821f8c3d50e51a07 not found"}},"level":"error","timestamp":"2020-10-25T19:45:50.806Z"}
{"message":{"error":{"msg":"board was not found id 5f95d5ee821f8c3d50e51a10"}},"level":"error","timestamp":"2020-10-25T19:45:51.241Z"}
{"message":{"error":{"msg":"Task with id 5f95d5ef821f8c3d50e51a16 not found"}},"level":"error","timestamp":"2020-10-25T19:45:51.750Z"}
{"message":{"error":{"msg":"Task with id 5f95d5ef821f8c3d50e51a18 not found"}},"level":"error","timestamp":"2020-10-25T19:45:51.752Z"}
{"message":{"error":{"msg":"Task with id 5f95d5ef821f8c3d50e51a17 not found"}},"level":"error","timestamp":"2020-10-25T19:45:51.754Z"}
{"message":{"error":{"msg":"Task with id 5f95d5ef821f8c3d50e51a19 not found"}},"level":"error","timestamp":"2020-10-25T19:45:51.756Z"}
{"message":{"error":{"msg":"Task with id 5f95d5ef821f8c3d50e51a1a not found"}},"level":"error","timestamp":"2020-10-25T19:45:51.757Z"}
{"message":{"error":{"msg":"Task with id 5f95d6000596453d7757b691 not found"}},"level":"error","timestamp":"2020-10-25T19:46:09.990Z"}
{"message":{"error":{"msg":"board was not found id 5f95d6020596453d7757b69a"}},"level":"error","timestamp":"2020-10-25T19:46:10.437Z"}
{"message":{"error":{"msg":"Task with id 5f95d6020596453d7757b6a1 not found"}},"level":"error","timestamp":"2020-10-25T19:46:10.926Z"}
{"message":{"error":{"msg":"Task with id 5f95d6020596453d7757b6a2 not found"}},"level":"error","timestamp":"2020-10-25T19:46:10.928Z"}
{"message":{"error":{"msg":"Task with id 5f95d6020596453d7757b6a3 not found"}},"level":"error","timestamp":"2020-10-25T19:46:10.929Z"}
{"message":{"error":{"msg":"Task with id 5f95d6020596453d7757b6a0 not found"}},"level":"error","timestamp":"2020-10-25T19:46:10.932Z"}
{"message":{"error":{"msg":"Task with id 5f95d6020596453d7757b6a4 not found"}},"level":"error","timestamp":"2020-10-25T19:46:10.933Z"}
{"message":{"error":{"msg":"Task with id 5f95d62808d6363da7dc5b3d not found"}},"level":"error","timestamp":"2020-10-25T19:46:49.709Z"}
{"message":{"error":{"msg":"board was not found id 5f95d62908d6363da7dc5b46"}},"level":"error","timestamp":"2020-10-25T19:46:50.219Z"}
{"message":{"error":{"msg":"Task with id 5f95d62a08d6363da7dc5b4d not found"}},"level":"error","timestamp":"2020-10-25T19:46:50.711Z"}
{"message":{"error":{"msg":"Task with id 5f95d62a08d6363da7dc5b4f not found"}},"level":"error","timestamp":"2020-10-25T19:46:50.713Z"}
{"message":{"error":{"msg":"Task with id 5f95d62a08d6363da7dc5b4e not found"}},"level":"error","timestamp":"2020-10-25T19:46:50.714Z"}
{"message":{"error":{"msg":"Task with id 5f95d62a08d6363da7dc5b4c not found"}},"level":"error","timestamp":"2020-10-25T19:46:50.717Z"}
{"message":{"error":{"msg":"Task with id 5f95d62a08d6363da7dc5b50 not found"}},"level":"error","timestamp":"2020-10-25T19:46:50.718Z"}
{"message":{"error":{"msg":"Task with id 5f95d98108d6363da7dc5b53 not found"}},"level":"error","timestamp":"2020-10-25T20:01:06.536Z"}
{"message":{"error":{"msg":"board was not found id 5f95d98208d6363da7dc5b5c"}},"level":"error","timestamp":"2020-10-25T20:01:07.002Z"}
{"message":{"error":{"msg":"Task with id 5f95d98308d6363da7dc5b62 not found"}},"level":"error","timestamp":"2020-10-25T20:01:07.689Z"}
{"message":{"error":{"msg":"Task with id 5f95d98308d6363da7dc5b64 not found"}},"level":"error","timestamp":"2020-10-25T20:01:07.704Z"}
{"message":{"error":{"msg":"Task with id 5f95d98308d6363da7dc5b66 not found"}},"level":"error","timestamp":"2020-10-25T20:01:07.705Z"}
{"message":{"error":{"msg":"Task with id 5f95d98308d6363da7dc5b63 not found"}},"level":"error","timestamp":"2020-10-25T20:01:07.706Z"}
{"message":{"error":{"msg":"Task with id 5f95d98308d6363da7dc5b65 not found"}},"level":"error","timestamp":"2020-10-25T20:01:07.707Z"}
{"message":{"error":{"msg":"Task with id 5f95da121529ea3e236325cd not found"}},"level":"error","timestamp":"2020-10-25T20:03:31.767Z"}
{"message":{"error":{"msg":"board was not found id 5f95da131529ea3e236325d5"}},"level":"error","timestamp":"2020-10-25T20:03:32.216Z"}
{"message":{"error":{"msg":"Task with id 5f95da141529ea3e236325dd not found"}},"level":"error","timestamp":"2020-10-25T20:03:32.689Z"}
{"message":{"error":{"msg":"Task with id 5f95da141529ea3e236325de not found"}},"level":"error","timestamp":"2020-10-25T20:03:32.692Z"}
{"message":{"error":{"msg":"Task with id 5f95da141529ea3e236325dc not found"}},"level":"error","timestamp":"2020-10-25T20:03:32.699Z"}
{"message":{"error":{"msg":"Task with id 5f95da141529ea3e236325e0 not found"}},"level":"error","timestamp":"2020-10-25T20:03:32.701Z"}
{"message":{"error":{"msg":"Task with id 5f95da141529ea3e236325df not found"}},"level":"error","timestamp":"2020-10-25T20:03:32.702Z"}
{"message":{"error":{"msg":"Task with id 5f95da2a9358313e5350da17 not found"}},"level":"error","timestamp":"2020-10-25T20:03:55.815Z"}
{"message":{"error":{"msg":"board was not found id 5f95da2b9358313e5350da1f"}},"level":"error","timestamp":"2020-10-25T20:03:56.256Z"}
{"message":{"error":{"msg":"Task with id 5f95da2c9358313e5350da29 not found"}},"level":"error","timestamp":"2020-10-25T20:03:56.731Z"}
{"message":{"error":{"msg":"Task with id 5f95da2c9358313e5350da27 not found"}},"level":"error","timestamp":"2020-10-25T20:03:56.732Z"}
{"message":{"error":{"msg":"Task with id 5f95da2c9358313e5350da26 not found"}},"level":"error","timestamp":"2020-10-25T20:03:56.734Z"}
{"message":{"error":{"msg":"Task with id 5f95da2c9358313e5350da2a not found"}},"level":"error","timestamp":"2020-10-25T20:03:56.736Z"}
{"message":{"error":{"msg":"Task with id 5f95da2c9358313e5350da28 not found"}},"level":"error","timestamp":"2020-10-25T20:03:56.737Z"}
{"message":{"error":{"msg":"Task with id 5f95da4c0bfd4d3e7cc8eac2 not found"}},"level":"error","timestamp":"2020-10-25T20:04:29.446Z"}
{"message":{"error":{"msg":"board was not found id 5f95da4d0bfd4d3e7cc8eacb"}},"level":"error","timestamp":"2020-10-25T20:04:29.919Z"}
{"message":{"error":{"msg":"Task with id 5f95da4d0bfd4d3e7cc8ead2 not found"}},"level":"error","timestamp":"2020-10-25T20:04:30.453Z"}
{"message":{"error":{"msg":"Task with id 5f95da4e0bfd4d3e7cc8ead3 not found"}},"level":"error","timestamp":"2020-10-25T20:04:30.454Z"}
{"message":{"error":{"msg":"Task with id 5f95da4e0bfd4d3e7cc8ead4 not found"}},"level":"error","timestamp":"2020-10-25T20:04:30.455Z"}
{"message":{"error":{"msg":"Task with id 5f95da4d0bfd4d3e7cc8ead1 not found"}},"level":"error","timestamp":"2020-10-25T20:04:30.456Z"}
{"message":{"error":{"msg":"Task with id 5f95da4e0bfd4d3e7cc8ead5 not found"}},"level":"error","timestamp":"2020-10-25T20:04:30.458Z"}
{"message":{"error":{"msg":"Task with id 5f95dc2303cf363ef7eff7b6 not found"}},"level":"error","timestamp":"2020-10-25T20:12:20.377Z"}
{"message":{"error":{"msg":"board was not found id 5f95dc2403cf363ef7eff7bf"}},"level":"error","timestamp":"2020-10-25T20:12:20.866Z"}
{"message":{"error":{"msg":"Task with id 5f95dc2403cf363ef7eff7c6 not found"}},"level":"error","timestamp":"2020-10-25T20:12:21.362Z"}
{"message":{"error":{"msg":"Task with id 5f95dc2403cf363ef7eff7c5 not found"}},"level":"error","timestamp":"2020-10-25T20:12:21.365Z"}
{"message":{"error":{"msg":"Task with id 5f95dc2403cf363ef7eff7c8 not found"}},"level":"error","timestamp":"2020-10-25T20:12:21.378Z"}
{"message":{"error":{"msg":"Task with id 5f95dc2403cf363ef7eff7c7 not found"}},"level":"error","timestamp":"2020-10-25T20:12:21.380Z"}
{"message":{"error":{"msg":"Task with id 5f95dc2403cf363ef7eff7c9 not found"}},"level":"error","timestamp":"2020-10-25T20:12:21.381Z"}
{"message":{"error":{"msg":"Task with id 5f95dc5c7a531e3f2aef6bc7 not found"}},"level":"error","timestamp":"2020-10-25T20:13:17.157Z"}
{"message":{"error":{"msg":"board was not found id 5f95dc5d7a531e3f2aef6bd0"}},"level":"error","timestamp":"2020-10-25T20:13:17.631Z"}
{"message":{"error":{"msg":"Task with id 5f95dc5d7a531e3f2aef6bd6 not found"}},"level":"error","timestamp":"2020-10-25T20:13:18.106Z"}
{"message":{"error":{"msg":"Task with id 5f95dc5d7a531e3f2aef6bd7 not found"}},"level":"error","timestamp":"2020-10-25T20:13:18.107Z"}
{"message":{"error":{"msg":"Task with id 5f95dc5d7a531e3f2aef6bd9 not found"}},"level":"error","timestamp":"2020-10-25T20:13:18.110Z"}
{"message":{"error":{"msg":"Task with id 5f95dc5d7a531e3f2aef6bd8 not found"}},"level":"error","timestamp":"2020-10-25T20:13:18.112Z"}
{"message":{"error":{"msg":"Task with id 5f95dc5d7a531e3f2aef6bda not found"}},"level":"error","timestamp":"2020-10-25T20:13:18.112Z"}
{"message":{"error":{"msg":"Task with id 5f95dc86de7d0f3f63e8a0cb not found"}},"level":"error","timestamp":"2020-10-25T20:13:59.173Z"}
{"message":{"error":{"msg":"board was not found id 5f95dc87de7d0f3f63e8a0d3"}},"level":"error","timestamp":"2020-10-25T20:13:59.631Z"}
{"message":{"error":{"msg":"Task with id 5f95dc87de7d0f3f63e8a0da not found"}},"level":"error","timestamp":"2020-10-25T20:14:00.117Z"}
{"message":{"error":{"msg":"Task with id 5f95dc87de7d0f3f63e8a0dc not found"}},"level":"error","timestamp":"2020-10-25T20:14:00.119Z"}
{"message":{"error":{"msg":"Task with id 5f95dc87de7d0f3f63e8a0dd not found"}},"level":"error","timestamp":"2020-10-25T20:14:00.120Z"}
{"message":{"error":{"msg":"Task with id 5f95dc87de7d0f3f63e8a0db not found"}},"level":"error","timestamp":"2020-10-25T20:14:00.123Z"}
{"message":{"error":{"msg":"Task with id 5f95dc87de7d0f3f63e8a0de not found"}},"level":"error","timestamp":"2020-10-25T20:14:00.124Z"}
{"message":{"error":{"msg":"Task with id 5f95dd709200e93f9fe14d74 not found"}},"level":"error","timestamp":"2020-10-25T20:17:53.085Z"}
{"message":{"error":{"msg":"board was not found id 5f95dd719200e93f9fe14d7d"}},"level":"error","timestamp":"2020-10-25T20:17:53.536Z"}
{"message":{"error":{"msg":"Task with id 5f95dd719200e93f9fe14d83 not found"}},"level":"error","timestamp":"2020-10-25T20:17:54.027Z"}
{"message":{"error":{"msg":"Task with id 5f95dd719200e93f9fe14d86 not found"}},"level":"error","timestamp":"2020-10-25T20:17:54.029Z"}
{"message":{"error":{"msg":"Task with id 5f95dd719200e93f9fe14d84 not found"}},"level":"error","timestamp":"2020-10-25T20:17:54.030Z"}
{"message":{"error":{"msg":"Task with id 5f95dd719200e93f9fe14d85 not found"}},"level":"error","timestamp":"2020-10-25T20:17:54.042Z"}
{"message":{"error":{"msg":"Task with id 5f95dd719200e93f9fe14d87 not found"}},"level":"error","timestamp":"2020-10-25T20:17:54.043Z"}
{"message":{"error":{"msg":"Task with id 5f95dd95b66f6b3fdfa330a0 not found"}},"level":"error","timestamp":"2020-10-25T20:18:31.010Z"}
{"message":{"error":{"msg":"board was not found id 5f95dd97b66f6b3fdfa330a8"}},"level":"error","timestamp":"2020-10-25T20:18:31.479Z"}
{"message":{"error":{"msg":"Task with id 5f95dd97b66f6b3fdfa330b1 not found"}},"level":"error","timestamp":"2020-10-25T20:18:31.966Z"}
{"message":{"error":{"msg":"Task with id 5f95dd97b66f6b3fdfa330b2 not found"}},"level":"error","timestamp":"2020-10-25T20:18:31.968Z"}
{"message":{"error":{"msg":"Task with id 5f95dd97b66f6b3fdfa330af not found"}},"level":"error","timestamp":"2020-10-25T20:18:31.971Z"}
{"message":{"error":{"msg":"Task with id 5f95dd97b66f6b3fdfa330b3 not found"}},"level":"error","timestamp":"2020-10-25T20:18:31.972Z"}
{"message":{"error":{"msg":"Task with id 5f95dd97b66f6b3fdfa330b0 not found"}},"level":"error","timestamp":"2020-10-25T20:18:31.972Z"}
{"message":{"error":{"msg":"Task with id 5f95dd9eb66f6b3fdfa330b6 not found"}},"level":"error","timestamp":"2020-10-25T20:18:39.775Z"}
{"message":{"error":{"msg":"board was not found id 5f95dd9fb66f6b3fdfa330bf"}},"level":"error","timestamp":"2020-10-25T20:18:40.223Z"}
{"message":{"error":{"msg":"Task with id 5f95dda0b66f6b3fdfa330c8 not found"}},"level":"error","timestamp":"2020-10-25T20:18:40.777Z"}
{"message":{"error":{"msg":"Task with id 5f95dda0b66f6b3fdfa330c9 not found"}},"level":"error","timestamp":"2020-10-25T20:18:40.778Z"}
{"message":{"error":{"msg":"Task with id 5f95dda0b66f6b3fdfa330c7 not found"}},"level":"error","timestamp":"2020-10-25T20:18:40.779Z"}
{"message":{"error":{"msg":"Task with id 5f95dda0b66f6b3fdfa330c6 not found"}},"level":"error","timestamp":"2020-10-25T20:18:40.780Z"}
{"message":{"error":{"msg":"Task with id 5f95dda0b66f6b3fdfa330c5 not found"}},"level":"error","timestamp":"2020-10-25T20:18:40.782Z"}
{"message":{"error":{"msg":"Task with id 5f95ddb8b66f6b3fdfa330cc not found"}},"level":"error","timestamp":"2020-10-25T20:19:05.349Z"}
{"message":{"error":{"msg":"board was not found id 5f95ddb9b66f6b3fdfa330d5"}},"level":"error","timestamp":"2020-10-25T20:19:05.803Z"}
{"message":{"error":{"msg":"Task with id 5f95ddb9b66f6b3fdfa330de not found"}},"level":"error","timestamp":"2020-10-25T20:19:06.290Z"}
{"message":{"error":{"msg":"Task with id 5f95ddb9b66f6b3fdfa330dd not found"}},"level":"error","timestamp":"2020-10-25T20:19:06.291Z"}
{"message":{"error":{"msg":"Task with id 5f95ddb9b66f6b3fdfa330dc not found"}},"level":"error","timestamp":"2020-10-25T20:19:06.291Z"}
{"message":{"error":{"msg":"Task with id 5f95ddb9b66f6b3fdfa330db not found"}},"level":"error","timestamp":"2020-10-25T20:19:06.292Z"}
{"message":{"error":{"msg":"Task with id 5f95ddb9b66f6b3fdfa330df not found"}},"level":"error","timestamp":"2020-10-25T20:19:06.295Z"}
{"message":{"error":{"msg":"Task with id 5f95df32b3be8d40acba2071 not found"}},"level":"error","timestamp":"2020-10-25T20:25:23.979Z"}
{"message":{"error":{"msg":"board was not found id 5f95df34b3be8d40acba2079"}},"level":"error","timestamp":"2020-10-25T20:25:24.439Z"}
{"message":{"error":{"msg":"Task with id 5f95df34b3be8d40acba2081 not found"}},"level":"error","timestamp":"2020-10-25T20:25:24.937Z"}
{"message":{"error":{"msg":"Task with id 5f95df34b3be8d40acba2083 not found"}},"level":"error","timestamp":"2020-10-25T20:25:24.941Z"}
{"message":{"error":{"msg":"Task with id 5f95df34b3be8d40acba2082 not found"}},"level":"error","timestamp":"2020-10-25T20:25:24.943Z"}
{"message":{"error":{"msg":"Task with id 5f95df34b3be8d40acba2084 not found"}},"level":"error","timestamp":"2020-10-25T20:25:24.945Z"}
{"message":{"error":{"msg":"Task with id 5f95df34b3be8d40acba2080 not found"}},"level":"error","timestamp":"2020-10-25T20:25:24.946Z"}
{"message":{"error":{"msg":"Task with id 5f95df7dfec36040e844e10e not found"}},"level":"error","timestamp":"2020-10-25T20:26:38.186Z"}
{"message":{"error":{"msg":"board was not found id 5f95df7efec36040e844e116"}},"level":"error","timestamp":"2020-10-25T20:26:38.672Z"}
{"message":{"error":{"msg":"Task with id 5f95df7efec36040e844e11d not found"}},"level":"error","timestamp":"2020-10-25T20:26:39.150Z"}
{"message":{"error":{"msg":"Task with id 5f95df7efec36040e844e11c not found"}},"level":"error","timestamp":"2020-10-25T20:26:39.151Z"}
{"message":{"error":{"msg":"Task with id 5f95df7efec36040e844e11e not found"}},"level":"error","timestamp":"2020-10-25T20:26:39.154Z"}
{"message":{"error":{"msg":"Task with id 5f95df7efec36040e844e11f not found"}},"level":"error","timestamp":"2020-10-25T20:26:39.155Z"}
{"message":{"error":{"msg":"Task with id 5f95df7efec36040e844e120 not found"}},"level":"error","timestamp":"2020-10-25T20:26:39.156Z"}
{"message":{"error":{"msg":"Task with id 5f95dfb6e6577b411747967d not found"}},"level":"error","timestamp":"2020-10-25T20:27:35.331Z"}
{"message":{"error":{"msg":"board was not found id 5f95dfb7e6577b4117479686"}},"level":"error","timestamp":"2020-10-25T20:27:35.841Z"}
{"message":{"error":{"msg":"Task with id 5f95dfb7e6577b411747968d not found"}},"level":"error","timestamp":"2020-10-25T20:27:36.334Z"}
{"message":{"error":{"msg":"Task with id 5f95dfb7e6577b411747968c not found"}},"level":"error","timestamp":"2020-10-25T20:27:36.337Z"}
{"message":{"error":{"msg":"Task with id 5f95dfb7e6577b411747968f not found"}},"level":"error","timestamp":"2020-10-25T20:27:36.341Z"}
{"message":{"error":{"msg":"Task with id 5f95dfb7e6577b4117479690 not found"}},"level":"error","timestamp":"2020-10-25T20:27:36.342Z"}
{"message":{"error":{"msg":"Task with id 5f95dfb7e6577b411747968e not found"}},"level":"error","timestamp":"2020-10-25T20:27:36.342Z"}
{"message":{"error":{"msg":"Task with id 5f95dff7ccd75e41539d0ddf not found"}},"level":"error","timestamp":"2020-10-25T20:28:40.090Z"}
{"message":{"error":{"msg":"board was not found id 5f95dff8ccd75e41539d0de8"}},"level":"error","timestamp":"2020-10-25T20:28:40.619Z"}
{"message":{"error":{"msg":"Task with id 5f95dff8ccd75e41539d0def not found"}},"level":"error","timestamp":"2020-10-25T20:28:41.108Z"}
{"message":{"error":{"msg":"Task with id 5f95dff8ccd75e41539d0dee not found"}},"level":"error","timestamp":"2020-10-25T20:28:41.109Z"}
{"message":{"error":{"msg":"Task with id 5f95dff8ccd75e41539d0df0 not found"}},"level":"error","timestamp":"2020-10-25T20:28:41.112Z"}
{"message":{"error":{"msg":"Task with id 5f95dff8ccd75e41539d0df2 not found"}},"level":"error","timestamp":"2020-10-25T20:28:41.113Z"}
{"message":{"error":{"msg":"Task with id 5f95dff8ccd75e41539d0df1 not found"}},"level":"error","timestamp":"2020-10-25T20:28:41.114Z"}
{"message":{"error":{"msg":"Task with id 5f95e027c1ac8641855c7ea5 not found"}},"level":"error","timestamp":"2020-10-25T20:29:29.015Z"}
{"message":{"error":{"msg":"board was not found id 5f95e029c1ac8641855c7ead"}},"level":"error","timestamp":"2020-10-25T20:29:29.454Z"}
{"message":{"error":{"msg":"Task with id 5f95e029c1ac8641855c7eb4 not found"}},"level":"error","timestamp":"2020-10-25T20:29:29.935Z"}
{"message":{"error":{"msg":"Task with id 5f95e029c1ac8641855c7eb5 not found"}},"level":"error","timestamp":"2020-10-25T20:29:29.937Z"}
{"message":{"error":{"msg":"Task with id 5f95e029c1ac8641855c7eb7 not found"}},"level":"error","timestamp":"2020-10-25T20:29:29.939Z"}
{"message":{"error":{"msg":"Task with id 5f95e029c1ac8641855c7eb8 not found"}},"level":"error","timestamp":"2020-10-25T20:29:29.941Z"}
{"message":{"error":{"msg":"Task with id 5f95e029c1ac8641855c7eb6 not found"}},"level":"error","timestamp":"2020-10-25T20:29:29.942Z"}
{"message":{"error":{"msg":"Task with id 5f95e04b1b111041b206c116 not found"}},"level":"error","timestamp":"2020-10-25T20:30:04.754Z"}
{"message":{"error":{"msg":"board was not found id 5f95e04c1b111041b206c11e"}},"level":"error","timestamp":"2020-10-25T20:30:05.105Z"}
{"message":{"error":{"msg":"Task with id 5f95e04d1b111041b206c128 not found"}},"level":"error","timestamp":"2020-10-25T20:30:05.624Z"}
{"message":{"error":{"msg":"Task with id 5f95e04d1b111041b206c126 not found"}},"level":"error","timestamp":"2020-10-25T20:30:05.626Z"}
{"message":{"error":{"msg":"Task with id 5f95e04d1b111041b206c124 not found"}},"level":"error","timestamp":"2020-10-25T20:30:05.628Z"}
{"message":{"error":{"msg":"Task with id 5f95e04d1b111041b206c127 not found"}},"level":"error","timestamp":"2020-10-25T20:30:05.629Z"}
{"message":{"error":{"msg":"Task with id 5f95e04d1b111041b206c125 not found"}},"level":"error","timestamp":"2020-10-25T20:30:05.630Z"}
{"message":{"error":{"msg":"Task with id 5f95e0e8cf98a841f7eb5a50 not found"}},"level":"error","timestamp":"2020-10-25T20:32:41.381Z"}
{"message":{"error":{"msg":"board was not found id 5f95e0e9cf98a841f7eb5a58"}},"level":"error","timestamp":"2020-10-25T20:32:41.819Z"}
{"message":{"error":{"msg":"Task with id 5f95e0e9cf98a841f7eb5a60 not found"}},"level":"error","timestamp":"2020-10-25T20:32:42.307Z"}
{"message":{"error":{"msg":"Task with id 5f95e0e9cf98a841f7eb5a5f not found"}},"level":"error","timestamp":"2020-10-25T20:32:42.309Z"}
{"message":{"error":{"msg":"Task with id 5f95e0e9cf98a841f7eb5a63 not found"}},"level":"error","timestamp":"2020-10-25T20:32:42.310Z"}
{"message":{"error":{"msg":"Task with id 5f95e0e9cf98a841f7eb5a61 not found"}},"level":"error","timestamp":"2020-10-25T20:32:42.313Z"}
{"message":{"error":{"msg":"Task with id 5f95e0e9cf98a841f7eb5a62 not found"}},"level":"error","timestamp":"2020-10-25T20:32:42.313Z"}
{"message":{"error":{"msg":"Task with id 5f95e1df1164dc43e4485dd1 not found"}},"level":"error","timestamp":"2020-10-25T20:36:48.843Z"}
{"message":{"error":{"msg":"board was not found id 5f95e1e01164dc43e4485dd9"}},"level":"error","timestamp":"2020-10-25T20:36:49.303Z"}
{"message":{"error":{"msg":"Task with id 5f95e1e11164dc43e4485de0 not found"}},"level":"error","timestamp":"2020-10-25T20:36:49.774Z"}
{"message":{"error":{"msg":"Task with id 5f95e1e11164dc43e4485de3 not found"}},"level":"error","timestamp":"2020-10-25T20:36:49.777Z"}
{"message":{"error":{"msg":"Task with id 5f95e1e11164dc43e4485de1 not found"}},"level":"error","timestamp":"2020-10-25T20:36:49.778Z"}
{"message":{"error":{"msg":"Task with id 5f95e1e11164dc43e4485de2 not found"}},"level":"error","timestamp":"2020-10-25T20:36:49.780Z"}
{"message":{"error":{"msg":"Task with id 5f95e1e11164dc43e4485de4 not found"}},"level":"error","timestamp":"2020-10-25T20:36:49.781Z"}
{"message":{"error":{"msg":"Task with id 5f985537d609ef3e97ec833a not found"}},"level":"error","timestamp":"2020-10-27T17:13:28.329Z"}
{"message":{"error":{"msg":"board was not found id 5f985538d609ef3e97ec8342"}},"level":"error","timestamp":"2020-10-27T17:13:28.704Z"}
{"message":{"error":{"msg":"Task with id 5f985538d609ef3e97ec834a not found"}},"level":"error","timestamp":"2020-10-27T17:13:29.249Z"}
{"message":{"error":{"msg":"Task with id 5f985538d609ef3e97ec8349 not found"}},"level":"error","timestamp":"2020-10-27T17:13:29.267Z"}
{"message":{"error":{"msg":"Task with id 5f985538d609ef3e97ec834c not found"}},"level":"error","timestamp":"2020-10-27T17:13:29.268Z"}
{"message":{"error":{"msg":"Task with id 5f985538d609ef3e97ec834b not found"}},"level":"error","timestamp":"2020-10-27T17:13:29.270Z"}
{"message":{"error":{"msg":"Task with id 5f985538d609ef3e97ec834d not found"}},"level":"error","timestamp":"2020-10-27T17:13:29.272Z"}
{"message":{"error":{"msg":"Not found"}},"level":"error","timestamp":"2020-10-27T17:26:01.029Z"}
{"message":{"error":{"msg":"Not found"}},"level":"error","timestamp":"2020-10-27T17:36:07.066Z"}
{"message":{"error":{"msg":"Not found"}},"level":"error","timestamp":"2020-10-27T17:38:44.352Z"}
{"message":{"error":{"msg":"Task with id 5f985cb9f7a36a40902e962e not found"}},"level":"error","timestamp":"2020-10-27T17:45:30.955Z"}
{"message":{"error":{"msg":"board was not found id 5f985cbbf7a36a40902e9636"}},"level":"error","timestamp":"2020-10-27T17:45:31.427Z"}
{"message":{"error":{"msg":"Task with id 5f985cbbf7a36a40902e963d not found"}},"level":"error","timestamp":"2020-10-27T17:45:31.921Z"}
{"message":{"error":{"msg":"Task with id 5f985cbbf7a36a40902e963e not found"}},"level":"error","timestamp":"2020-10-27T17:45:31.922Z"}
{"message":{"error":{"msg":"Task with id 5f985cbbf7a36a40902e9640 not found"}},"level":"error","timestamp":"2020-10-27T17:45:31.923Z"}
{"message":{"error":{"msg":"Task with id 5f985cbbf7a36a40902e963f not found"}},"level":"error","timestamp":"2020-10-27T17:45:31.924Z"}
{"message":{"error":{"msg":"Task with id 5f985cbbf7a36a40902e9641 not found"}},"level":"error","timestamp":"2020-10-27T17:45:31.925Z"}
{"message":{"error":{"msg":"Task with id 5f985d19f3727f40dda3025e not found"}},"level":"error","timestamp":"2020-10-27T17:47:06.355Z"}
{"message":{"error":{"msg":"board was not found id 5f985d1af3727f40dda30266"}},"level":"error","timestamp":"2020-10-27T17:47:06.819Z"}
{"message":{"error":{"msg":"Task with id 5f985d1af3727f40dda3026d not found"}},"level":"error","timestamp":"2020-10-27T17:47:07.291Z"}
{"message":{"error":{"msg":"Task with id 5f985d1af3727f40dda3026c not found"}},"level":"error","timestamp":"2020-10-27T17:47:07.292Z"}
{"message":{"error":{"msg":"Task with id 5f985d1af3727f40dda3026e not found"}},"level":"error","timestamp":"2020-10-27T17:47:07.295Z"}
{"message":{"error":{"msg":"Task with id 5f985d1af3727f40dda3026f not found"}},"level":"error","timestamp":"2020-10-27T17:47:07.297Z"}
{"message":{"error":{"msg":"Task with id 5f985d1af3727f40dda30270 not found"}},"level":"error","timestamp":"2020-10-27T17:47:07.298Z"}
