{"message":"Successfully connect to DB","level":"info","timestamp":"2020-10-27T18:08:20.654Z"}
{"message":"App is running on http://localhost:4000","level":"info","timestamp":"2020-10-27T18:08:20.657Z"}
{"message":"/users, POST, 200, [4ms], {}, {\"name\":\"\",\"login\":\"*&^%&*^%&^*%&^&%^%&^\",\"password\":\"123123123\"}","level":"info","timestamp":"2020-10-27T18:08:23.047Z"}
{"message":"/users, POST, 200, [0ms], {}, {\"name\":\"qwe\",\"login\":\"qwe\",\"password\":\"123123123\"}","level":"info","timestamp":"2020-10-27T18:08:29.155Z"}
{"message":"/users, POST, 200, [0ms], {}, {\"name\":\"qwe\",\"login\":\"qwe\",\"password\":\"123qwddsaw2!\"}","level":"info","timestamp":"2020-10-27T18:08:37.967Z"}
{"message":"/users, POST, 200, [84ms], {}, {\"name\":\"qwe\",\"login\":\"qwe\",\"password\":\"223132qQ!\"}","level":"info","timestamp":"2020-10-27T18:08:46.544Z"}
{"message":"/users, POST, 200, [0ms], {}, {\"name\":\"\",\"login\":\"qwe\",\"password\":\"223132qQ!\"}","level":"info","timestamp":"2020-10-27T18:08:59.250Z"}
{"message":"/users, POST, 200, [1ms], {}, {\"name\":\"aas\",\"login\":\"qwe\",\"password\":\"1\"}","level":"info","timestamp":"2020-10-27T18:09:09.674Z"}
{"message":"Successfully connect to DB","level":"info","timestamp":"2020-10-27T18:09:29.937Z"}
{"message":"App is running on http://localhost:4000","level":"info","timestamp":"2020-10-27T18:09:29.940Z"}
{"message":"/boards, POST, 200, [82ms], {}, {\"title\":\"Autotest board\",\"columns\":[{\"title\":\"Backlog\",\"order\":1},{\"title\":\"Sprint\",\"order\":2}]}","level":"info","timestamp":"2020-10-27T18:09:34.138Z"}
{"message":"/boards, POST, 200, [156ms], {}, {\"title\":\"Autotest board\",\"columns\":[{\"title\":\"Backlog\",\"order\":1},{\"title\":\"Sprint\",\"order\":2}]}","level":"info","timestamp":"2020-10-27T18:09:34.223Z"}
{"message":"/users, GET, 200, [225ms], {}, {}","level":"info","timestamp":"2020-10-27T18:09:34.293Z"}
{"message":"/boards/5f98625efb2825427f3988ca/tasks, POST, 200, [218ms], {\"boardId\":\"5f98625efb2825427f3988ca\"}, {\"title\":\"Autotest task\",\"order\":0,\"description\":\"Lorem ipsum\",\"userId\":null,\"boardId\":null,\"columnId\":null}","level":"info","timestamp":"2020-10-27T18:09:34.362Z"}
{"message":"/boards, GET, 200, [195ms], {}, {}","level":"info","timestamp":"2020-10-27T18:09:34.425Z"}
{"message":"/users, POST, 200, [150ms], {}, {\"name\":\"TEST_USER\",\"login\":\"test_user\",\"password\":\"T35t_P@55w0rd\"}","level":"info","timestamp":"2020-10-27T18:09:34.454Z"}
{"message":"/boards/5f98625efb2825427f3988ca/tasks, GET, 200, [125ms], {\"boardId\":\"5f98625efb2825427f3988ca\"}, {}","level":"info","timestamp":"2020-10-27T18:09:34.491Z"}
{"message":"/boards, GET, 200, [86ms], {}, {}","level":"info","timestamp":"2020-10-27T18:09:34.519Z"}
{"message":"/users/5f98625efb2825427f3988cd, GET, 200, [63ms], {\"id\":\"5f98625efb2825427f3988cd\"}, {}","level":"info","timestamp":"2020-10-27T18:09:34.520Z"}
{"message":"/boards/5f98625efb2825427f3988ca/tasks, GET, 200, [70ms], {\"boardId\":\"5f98625efb2825427f3988ca\"}, {}","level":"info","timestamp":"2020-10-27T18:09:34.568Z"}
{"message":"/boards/5f98625efb2825427f3988ca, GET, 200, [64ms], {\"id\":\"5f98625efb2825427f3988ca\"}, {}","level":"info","timestamp":"2020-10-27T18:09:34.585Z"}
{"message":"/boards/5f98625efb2825427f3988ca/tasks/5f98625efb2825427f3988cc, GET, 200, [62ms], {\"boardId\":\"5f98625efb2825427f3988ca\",\"taskId\":\"5f98625efb2825427f3988cc\"}, {}","level":"info","timestamp":"2020-10-27T18:09:34.633Z"}
{"message":"/boards, POST, 200, [69ms], {}, {\"title\":\"Autotest board\",\"columns\":[{\"title\":\"Backlog\",\"order\":1},{\"title\":\"Sprint\",\"order\":2}]}","level":"info","timestamp":"2020-10-27T18:09:34.657Z"}
{"message":"/users/5f98625efb2825427f3988cd, DELETE, 200, [137ms], {\"id\":\"5f98625efb2825427f3988cd\"}, {}","level":"info","timestamp":"2020-10-27T18:09:34.661Z"}
{"message":"/boards/5f98625efb2825427f3988ca/tasks, POST, 200, [67ms], {\"boardId\":\"5f98625efb2825427f3988ca\"}, {\"title\":\"Autotest task\",\"order\":0,\"description\":\"Lorem ipsum\",\"userId\":null,\"boardId\":null,\"columnId\":null}","level":"info","timestamp":"2020-10-27T18:09:34.704Z"}
{"message":"/users, POST, 200, [64ms], {}, {\"name\":\"TEST_USER\",\"login\":\"test_user\",\"password\":\"T35t_P@55w0rd\"}","level":"info","timestamp":"2020-10-27T18:09:34.728Z"}
{"message":"/boards/5f98625efb2825427f3988ca/tasks/5f98625efb2825427f3988cf, DELETE, 200, [67ms], {\"boardId\":\"5f98625efb2825427f3988ca\",\"taskId\":\"5f98625efb2825427f3988cf\"}, {}","level":"info","timestamp":"2020-10-27T18:09:34.774Z"}
{"message":"/boards/5f98625efb2825427f3988ca/tasks, POST, 200, [70ms], {\"boardId\":\"5f98625efb2825427f3988ca\"}, {\"title\":\"Autotest task\",\"order\":0,\"description\":\"Lorem ipsum\",\"userId\":null,\"boardId\":null,\"columnId\":null}","level":"info","timestamp":"2020-10-27T18:09:34.846Z"}
{"message":"/boards/5f98625efb2825427f3988ce, DELETE, 200, [192ms], {\"id\":\"5f98625efb2825427f3988ce\"}, {}","level":"info","timestamp":"2020-10-27T18:09:34.852Z"}
{"message":"/users/5f98625efb2825427f3988d0, DELETE, 200, [133ms], {\"id\":\"5f98625efb2825427f3988d0\"}, {}","level":"info","timestamp":"2020-10-27T18:09:34.866Z"}
{"message":"/boards/5f98625efb2825427f3988ca/tasks/5f98625efb2825427f3988d1, PUT, 200, [71ms], {\"boardId\":\"5f98625efb2825427f3988ca\",\"taskId\":\"5f98625efb2825427f3988d1\"}, {\"id\":\"5f98625efb2825427f3988d1\",\"title\":\"Autotest updated task\",\"order\":0,\"description\":\"Lorem ipsum\",\"userId\":null,\"boardId\":\"5f98625efb2825427f3988ca\",\"columnId\":null}","level":"info","timestamp":"2020-10-27T18:09:34.919Z"}
{"message":"/boards, POST, 200, [78ms], {}, {\"title\":\"Autotest board\",\"columns\":[{\"title\":\"Backlog\",\"order\":1},{\"title\":\"Sprint\",\"order\":2}]}","level":"info","timestamp":"2020-10-27T18:09:34.932Z"}
{"message":"/users, POST, 200, [69ms], {}, {\"name\":\"TEST_USER\",\"login\":\"test_user\",\"password\":\"T35t_P@55w0rd\"}","level":"info","timestamp":"2020-10-27T18:09:34.937Z"}
{"message":"/boards/5f98625efb2825427f3988ca/tasks/5f98625efb2825427f3988d1, GET, 200, [69ms], {\"boardId\":\"5f98625efb2825427f3988ca\",\"taskId\":\"5f98625efb2825427f3988d1\"}, {}","level":"info","timestamp":"2020-10-27T18:09:34.991Z"}
{"message":"/boards/5f98625efb2825427f3988ca/tasks/5f98625efb2825427f3988cc, GET, 200, [63ms], {\"boardId\":\"5f98625efb2825427f3988ca\",\"taskId\":\"5f98625efb2825427f3988cc\"}, {}","level":"info","timestamp":"2020-10-27T18:09:35.056Z"}
{"message":"/users/5f98625efb2825427f3988d3, PUT, 200, [136ms], {\"id\":\"5f98625efb2825427f3988d3\"}, {\"name\":\"Autotest updated TEST_USER\",\"login\":\"test_user\",\"password\":\"T35t_P@55w0rd\",\"id\":\"5f98625efb2825427f3988d3\"}","level":"info","timestamp":"2020-10-27T18:09:35.075Z"}
{"message":"/boards/5f98625efb2825427f3988d2, PUT, 200, [141ms], {\"id\":\"5f98625efb2825427f3988d2\"}, {\"columns\":[{\"title\":\"Backlog\",\"order\":1},{\"title\":\"Sprint\",\"order\":2}],\"id\":\"5f98625efb2825427f3988d2\",\"title\":\"Autotest updated board\"}","level":"info","timestamp":"2020-10-27T18:09:35.077Z"}
{"message":"/boards/5f98625efb2825427f3988ca/tasks/5f98625efb2825427f3988cc, DELETE, 200, [68ms], {\"boardId\":\"5f98625efb2825427f3988ca\",\"taskId\":\"5f98625efb2825427f3988cc\"}, {}","level":"info","timestamp":"2020-10-27T18:09:35.125Z"}
{"message":"/boards/5f98625efb2825427f3988d2, GET, 200, [64ms], {\"id\":\"5f98625efb2825427f3988d2\"}, {}","level":"info","timestamp":"2020-10-27T18:09:35.142Z"}
{"message":"/users/5f98625efb2825427f3988d3, GET, 200, [66ms], {\"id\":\"5f98625efb2825427f3988d3\"}, {}","level":"info","timestamp":"2020-10-27T18:09:35.143Z"}
{"message":{"error":{"msg":"Task with id 5f98625efb2825427f3988cc not found"}},"level":"error","timestamp":"2020-10-27T18:09:35.199Z"}
{"message":"/boards/5f98625efb2825427f3988ca/tasks/5f98625efb2825427f3988cc, GET, 200, [71ms], {}, {}","level":"info","timestamp":"2020-10-27T18:09:35.199Z"}
{"message":"/users/5f98625efb2825427f3988d3, DELETE, 200, [143ms], {\"id\":\"5f98625efb2825427f3988d3\"}, {}","level":"info","timestamp":"2020-10-27T18:09:35.289Z"}
{"message":"/boards/5f98625efb2825427f3988d2, DELETE, 200, [209ms], {\"id\":\"5f98625efb2825427f3988d2\"}, {}","level":"info","timestamp":"2020-10-27T18:09:35.354Z"}
{"message":"/users, POST, 200, [69ms], {}, {\"name\":\"TEST_USER\",\"login\":\"test_user\",\"password\":\"T35t_P@55w0rd\"}","level":"info","timestamp":"2020-10-27T18:09:35.361Z"}
{"message":"/boards/5f98625efb2825427f3988ca, DELETE, 200, [195ms], {\"id\":\"5f98625efb2825427f3988ca\"}, {}","level":"info","timestamp":"2020-10-27T18:09:35.397Z"}
{"message":"/boards, POST, 200, [66ms], {}, {\"title\":\"Autotest board\",\"columns\":[{\"title\":\"Backlog\",\"order\":1},{\"title\":\"Sprint\",\"order\":2}]}","level":"info","timestamp":"2020-10-27T18:09:35.423Z"}
{"message":"/users/5f98625ffb2825427f3988d4, DELETE, 200, [132ms], {\"id\":\"5f98625ffb2825427f3988d4\"}, {}","level":"info","timestamp":"2020-10-27T18:09:35.494Z"}
{"message":"/users, POST, 200, [67ms], {}, {\"name\":\"TEST_USER\",\"login\":\"test_user\",\"password\":\"T35t_P@55w0rd\"}","level":"info","timestamp":"2020-10-27T18:09:35.564Z"}
{"message":"/boards/5f98625ffb2825427f3988d5, DELETE, 200, [194ms], {\"id\":\"5f98625ffb2825427f3988d5\"}, {}","level":"info","timestamp":"2020-10-27T18:09:35.620Z"}
{"message":"/boards, POST, 200, [70ms], {}, {\"title\":\"Autotest board\",\"columns\":[{\"title\":\"Backlog\",\"order\":1},{\"title\":\"Sprint\",\"order\":2}]}","level":"info","timestamp":"2020-10-27T18:09:35.637Z"}
{"message":{"error":{"msg":"board was not found id 5f98625ffb2825427f3988d5"}},"level":"error","timestamp":"2020-10-27T18:09:35.684Z"}
{"message":"/boards/5f98625ffb2825427f3988d5, GET, 200, [63ms], {}, {}","level":"info","timestamp":"2020-10-27T18:09:35.685Z"}
{"message":"/boards/5f98625ffb2825427f3988d7/tasks, POST, 200, [67ms], {\"boardId\":\"5f98625ffb2825427f3988d7\"}, {\"title\":\"Task #1\",\"order\":1,\"description\":\"Lorem ipsum\",\"userId\":\"5f98625ffb2825427f3988d6\",\"boardId\":\"5f98625ffb2825427f3988d7\"}","level":"info","timestamp":"2020-10-27T18:09:35.706Z"}
{"message":"/boards/5f98625ffb2825427f3988d7/tasks, POST, 200, [72ms], {\"boardId\":\"5f98625ffb2825427f3988d7\"}, {\"title\":\"Task #2\",\"order\":2,\"description\":\"Lorem ipsum\",\"userId\":\"5f98625ffb2825427f3988d6\",\"boardId\":\"5f98625ffb2825427f3988d7\"}","level":"info","timestamp":"2020-10-27T18:09:35.713Z"}
{"message":"/boards, POST, 200, [70ms], {}, {\"title\":\"Autotest board\",\"columns\":[{\"title\":\"Backlog\",\"order\":1},{\"title\":\"Sprint\",\"order\":2}]}","level":"info","timestamp":"2020-10-27T18:09:35.758Z"}
{"message":"/boards/5f98625ffb2825427f3988da/tasks, POST, 200, [72ms], {\"boardId\":\"5f98625ffb2825427f3988da\"}, {\"title\":\"Task #1\",\"order\":1,\"description\":\"Lorem ipsum\",\"boardId\":\"5f98625ffb2825427f3988da\",\"userId\":null,\"columnId\":null}","level":"info","timestamp":"2020-10-27T18:09:35.835Z"}
{"message":"/boards/5f98625ffb2825427f3988da/tasks, POST, 200, [70ms], {\"boardId\":\"5f98625ffb2825427f3988da\"}, {\"title\":\"Task #3\",\"order\":3,\"description\":\"Lorem ipsum\",\"boardId\":\"5f98625ffb2825427f3988da\",\"userId\":null,\"columnId\":null}","level":"info","timestamp":"2020-10-27T18:09:35.836Z"}
{"message":"/boards/5f98625ffb2825427f3988da/tasks, POST, 200, [72ms], {\"boardId\":\"5f98625ffb2825427f3988da\"}, {\"title\":\"Task #4\",\"order\":4,\"description\":\"Lorem ipsum\",\"boardId\":\"5f98625ffb2825427f3988da\",\"userId\":null,\"columnId\":null}","level":"info","timestamp":"2020-10-27T18:09:35.837Z"}
{"message":"/boards/5f98625ffb2825427f3988da/tasks, POST, 200, [76ms], {\"boardId\":\"5f98625ffb2825427f3988da\"}, {\"title\":\"Task #2\",\"order\":2,\"description\":\"Lorem ipsum\",\"boardId\":\"5f98625ffb2825427f3988da\",\"userId\":null,\"columnId\":null}","level":"info","timestamp":"2020-10-27T18:09:35.838Z"}
{"message":"/boards/5f98625ffb2825427f3988da/tasks, POST, 200, [71ms], {\"boardId\":\"5f98625ffb2825427f3988da\"}, {\"title\":\"Task #5\",\"order\":5,\"description\":\"Lorem ipsum\",\"boardId\":\"5f98625ffb2825427f3988da\",\"userId\":null,\"columnId\":null}","level":"info","timestamp":"2020-10-27T18:09:35.839Z"}
{"message":"/users/5f98625ffb2825427f3988d6, DELETE, 200, [136ms], {\"id\":\"5f98625ffb2825427f3988d6\"}, {}","level":"info","timestamp":"2020-10-27T18:09:35.851Z"}
{"message":"/boards/5f98625ffb2825427f3988da/tasks/5f98625ffb2825427f3988dc, GET, 200, [64ms], {\"boardId\":\"5f98625ffb2825427f3988da\",\"taskId\":\"5f98625ffb2825427f3988dc\"}, {}","level":"info","timestamp":"2020-10-27T18:09:35.908Z"}
{"message":"/boards/5f98625ffb2825427f3988da/tasks/5f98625ffb2825427f3988db, GET, 200, [67ms], {\"boardId\":\"5f98625ffb2825427f3988da\",\"taskId\":\"5f98625ffb2825427f3988db\"}, {}","level":"info","timestamp":"2020-10-27T18:09:35.910Z"}
{"message":"/boards/5f98625ffb2825427f3988da/tasks/5f98625ffb2825427f3988de, GET, 200, [65ms], {\"boardId\":\"5f98625ffb2825427f3988da\",\"taskId\":\"5f98625ffb2825427f3988de\"}, {}","level":"info","timestamp":"2020-10-27T18:09:35.911Z"}
{"message":"/boards/5f98625ffb2825427f3988da/tasks/5f98625ffb2825427f3988dd, GET, 200, [65ms], {\"boardId\":\"5f98625ffb2825427f3988da\",\"taskId\":\"5f98625ffb2825427f3988dd\"}, {}","level":"info","timestamp":"2020-10-27T18:09:35.912Z"}
{"message":"/boards/5f98625ffb2825427f3988da/tasks/5f98625ffb2825427f3988df, GET, 200, [66ms], {\"boardId\":\"5f98625ffb2825427f3988da\",\"taskId\":\"5f98625ffb2825427f3988df\"}, {}","level":"info","timestamp":"2020-10-27T18:09:35.913Z"}
{"message":"/boards/5f98625ffb2825427f3988d7/tasks/5f98625ffb2825427f3988d8, GET, 200, [64ms], {\"boardId\":\"5f98625ffb2825427f3988d7\",\"taskId\":\"5f98625ffb2825427f3988d8\"}, {}","level":"info","timestamp":"2020-10-27T18:09:35.916Z"}
{"message":"/boards/5f98625ffb2825427f3988d7/tasks/5f98625ffb2825427f3988d9, GET, 200, [64ms], {\"boardId\":\"5f98625ffb2825427f3988d7\",\"taskId\":\"5f98625ffb2825427f3988d9\"}, {}","level":"info","timestamp":"2020-10-27T18:09:35.982Z"}
{"message":"/boards/5f98625ffb2825427f3988d7/tasks/5f98625ffb2825427f3988d8, DELETE, 200, [66ms], {\"boardId\":\"5f98625ffb2825427f3988d7\",\"taskId\":\"5f98625ffb2825427f3988d8\"}, {}","level":"info","timestamp":"2020-10-27T18:09:36.051Z"}
{"message":"/boards/5f98625ffb2825427f3988d7/tasks/5f98625ffb2825427f3988d9, DELETE, 200, [70ms], {\"boardId\":\"5f98625ffb2825427f3988d7\",\"taskId\":\"5f98625ffb2825427f3988d9\"}, {}","level":"info","timestamp":"2020-10-27T18:09:36.055Z"}
{"message":"/boards/5f98625ffb2825427f3988da, DELETE, 200, [195ms], {\"id\":\"5f98625ffb2825427f3988da\"}, {}","level":"info","timestamp":"2020-10-27T18:09:36.110Z"}
{"message":{"error":{"msg":"Task with id 5f98625ffb2825427f3988dc not found"}},"level":"error","timestamp":"2020-10-27T18:09:36.177Z"}
{"message":"/boards/5f98625ffb2825427f3988da/tasks/5f98625ffb2825427f3988dc, GET, 200, [63ms], {}, {}","level":"info","timestamp":"2020-10-27T18:09:36.178Z"}
{"message":{"error":{"msg":"Task with id 5f98625ffb2825427f3988db not found"}},"level":"error","timestamp":"2020-10-27T18:09:36.179Z"}
{"message":"/boards/5f98625ffb2825427f3988da/tasks/5f98625ffb2825427f3988db, GET, 200, [65ms], {}, {}","level":"info","timestamp":"2020-10-27T18:09:36.179Z"}
{"message":{"error":{"msg":"Task with id 5f98625ffb2825427f3988dd not found"}},"level":"error","timestamp":"2020-10-27T18:09:36.180Z"}
{"message":"/boards/5f98625ffb2825427f3988da/tasks/5f98625ffb2825427f3988dd, GET, 200, [67ms], {}, {}","level":"info","timestamp":"2020-10-27T18:09:36.182Z"}
{"message":{"error":{"msg":"Task with id 5f98625ffb2825427f3988de not found"}},"level":"error","timestamp":"2020-10-27T18:09:36.182Z"}
{"message":"/boards/5f98625ffb2825427f3988da/tasks/5f98625ffb2825427f3988de, GET, 200, [65ms], {}, {}","level":"info","timestamp":"2020-10-27T18:09:36.182Z"}
{"message":{"error":{"msg":"Task with id 5f98625ffb2825427f3988df not found"}},"level":"error","timestamp":"2020-10-27T18:09:36.183Z"}
{"message":"/boards/5f98625ffb2825427f3988da/tasks/5f98625ffb2825427f3988df, GET, 200, [66ms], {}, {}","level":"info","timestamp":"2020-10-27T18:09:36.183Z"}
{"message":"/boards/5f98625ffb2825427f3988d7, DELETE, 200, [197ms], {\"id\":\"5f98625ffb2825427f3988d7\"}, {}","level":"info","timestamp":"2020-10-27T18:09:36.254Z"}
{"message":"/boards/5f98625efb2825427f3988cb, DELETE, 200, [192ms], {\"id\":\"5f98625efb2825427f3988cb\"}, {}","level":"info","timestamp":"2020-10-27T18:09:36.377Z"}
