{"message":{"error":{"msg":"Not found"}},"level":"error","timestamp":"2020-10-18T17:44:07.842Z"}
{"message":{"error":{"message":"Not found"}},"level":"error","timestamp":"2020-10-18T17:44:25.036Z"}
{"message":{"error":{"message":"Not found"}},"level":"error","timestamp":"2020-10-18T17:45:01.584Z"}
{"message":{"error":{"message":"Not found"}},"level":"error","timestamp":"2020-10-18T17:45:12.398Z"}
{"message":{"error":{"message":"Not found"}},"level":"error","timestamp":"2020-10-18T17:53:24.687Z"}
{"message":{"error":{"message":"Not found"}},"level":"error","timestamp":"2020-10-18T17:53:38.147Z"}
{"message":{"error":{"message":"Not found"}},"level":"error","timestamp":"2020-10-18T17:54:18.815Z"}
{"message":{"error":{"message":"Not found"}},"level":"error","timestamp":"2020-10-18T17:54:56.982Z"}
{"message":{"error":{"message":"Not found"}},"level":"error","timestamp":"2020-10-18T17:55:07.430Z"}
{"message":{"error":{"message":"Bad request"}},"level":"error","timestamp":"2020-10-18T17:55:16.132Z"}
{"message":{"error":{"message":"Not found"}},"level":"error","timestamp":"2020-10-18T17:55:49.652Z"}
{"message":{"error":{"message":"Bad request"}},"level":"error","timestamp":"2020-10-18T17:55:56.123Z"}
{"message":{"error":{"message":"Bad request 123"}},"level":"error","timestamp":"2020-10-18T17:56:06.394Z"}
{"message":{"error":{"message":"Bad request"}},"level":"error","timestamp":"2020-10-18T17:56:11.062Z"}
{"message":{"error":{"message":"Bad request"}},"level":"error","timestamp":"2020-10-18T17:56:18.834Z"}
{"message":{"error":{"message":"Not found"}},"level":"error","timestamp":"2020-10-18T17:56:41.867Z"}
{"message":{"error":{"msg":"Not found"}},"level":"error","timestamp":"2020-10-18T18:22:27.296Z"}
{"message":{"error":{"msg":"Not found"}},"level":"error","timestamp":"2020-10-18T18:22:32.912Z"}
{"message":{"error":{"msg":"Not found"}},"level":"error","timestamp":"2020-10-18T18:22:48.001Z"}
{"message":{"error":{"msg":"Not found"}},"level":"error","timestamp":"2020-10-18T18:23:04.245Z"}
{"message":{"error":{"msg":"Not found"}},"level":"error","timestamp":"2020-10-18T18:24:05.645Z"}
{"message":{"error":{"msg":"Bad request"}},"level":"error","timestamp":"2020-10-18T18:24:23.296Z"}
{"message":{"error":{"msg":"Bad request"}},"level":"error","timestamp":"2020-10-18T18:24:36.943Z"}
{"message":{"error":{"msg":"Bad request"}},"level":"error","timestamp":"2020-10-18T18:24:37.280Z"}
{"message":{"error":{"msg":"Not found"}},"level":"error","timestamp":"2020-10-18T18:24:58.541Z"}
{"message":{"error":{"msg":"Not found"}},"level":"error","timestamp":"2020-10-18T18:25:50.109Z"}
{"message":{"error":{"msg":"Board with id 824acb1b-17c7-4d1a-9893-0f34e7931d5e not found"}},"level":"error","timestamp":"2020-10-18T18:25:58.891Z"}
{"message":{"error":{"msg":"Task with id 807ffa28-1d2d-4159-8596-809f25f7d742 not found"}},"level":"error","timestamp":"2020-10-18T18:25:58.908Z"}
{"message":{"error":{"msg":"Task with id f8ee18be-8a4d-41a5-b619-2662de0d5b97 not found"}},"level":"error","timestamp":"2020-10-18T18:25:58.909Z"}
{"message":{"error":{"msg":"Task with id 4c47b035-4e51-478a-bbe5-5769c621155c not found"}},"level":"error","timestamp":"2020-10-18T18:25:58.909Z"}
{"message":{"error":{"msg":"Task with id 4b993717-e105-4734-8c5c-f4b272f0800f not found"}},"level":"error","timestamp":"2020-10-18T18:25:58.911Z"}
{"message":{"error":{"msg":"Task with id 080ca7a3-5909-4dde-9509-92c77f0f40f6 not found"}},"level":"error","timestamp":"2020-10-18T18:25:58.912Z"}
{"message":{"error":{"msg":"Task with id b4ad5bb3-d0ab-4923-9ecc-58ffaabdd11a not found"}},"level":"error","timestamp":"2020-10-18T18:25:59.112Z"}
{"message":{"error":{"msg":"Not found"}},"level":"error","timestamp":"2020-10-18T18:38:42.872Z"}
{"message":{"error":{"msg":"Not found"}},"level":"error","timestamp":"2020-10-18T18:39:18.634Z"}
{"message":{"error":{"msg":"Not found"}},"level":"error","timestamp":"2020-10-18T18:39:30.934Z"}
{"message":{"error":{"msg":"Not found"}},"level":"error","timestamp":"2020-10-18T18:39:37.863Z"}
{"message":{"error":{"msg":"Not found"}},"level":"error","timestamp":"2020-10-18T18:39:43.012Z"}
{"message":{"error":{"msg":"Not found"}},"level":"error","timestamp":"2020-10-18T18:39:51.823Z"}
{"message":{"error":{"msg":"Not found"}},"level":"error","timestamp":"2020-10-18T18:40:00.485Z"}
